<<<<<<< Updated upstream
2024-02-23 23:32:11.244 [main] INFO  com.derfiedev.Main - Starting MCSParser...
2024-02-23 23:32:13.980 [AWT-EventQueue-0] INFO  com.derfiedev.ScannerThreadManager - Creating a ScannerThreadManager...
2024-02-23 23:32:13.981 [AWT-EventQueue-0] INFO  com.derfiedev.ScannerThreadManager - Starting 10 scanner threads...
2024-02-23 23:32:13.982 [AWT-EventQueue-0] INFO  com.derfiedev.ScannerThreadManager - Started 10 scanner threads!
2024-02-23 23:32:15.771 [AWT-EventQueue-0] INFO  com.derfiedev.ScannerThreadManager - Closing all scanner threads...
2024-02-23 23:32:15.772 [AWT-EventQueue-0] INFO  com.derfiedev.ScannerThreadManager - Closed all scanner threads!
2024-02-23 23:32:21.222 [AWT-EventQueue-0] INFO  com.derfiedev.ScannerThreadManager - Creating a ScannerThreadManager...
2024-02-23 23:32:21.234 [AWT-EventQueue-0] INFO  com.derfiedev.ScannerThreadManager - Starting 1000 scanner threads...
2024-02-23 23:32:21.407 [AWT-EventQueue-0] INFO  com.derfiedev.ScannerThreadManager - Started 1000 scanner threads!
2024-02-23 23:32:32.126 [Thread-615] INFO  com.derfiedev.ScannerThread - Found server at 71.222.16.197 on port: 25565 with 0 players online.
2024-02-23 23:32:52.002 [Thread-748] INFO  com.derfiedev.ScannerThread - Found server at 134.255.217.213 on port: 25565 with 0 players online.
2024-02-23 23:33:03.016 [Thread-729] INFO  com.derfiedev.ScannerThread - Found server at 62.171.186.35 on port: 25565 with 0 players online.
2024-02-23 23:33:03.079 [Thread-911] INFO  com.derfiedev.ScannerThread - Found server at 107.23.135.253 on port: 25565 with 0 players online.
2024-02-23 23:33:16.123 [Thread-867] INFO  com.derfiedev.ScannerThread - Found server at 85.214.248.96 on port: 25565 with 0 players online.
2024-02-23 23:33:26.465 [Thread-231] INFO  com.derfiedev.ScannerThread - Found server at 77.11.16.17 on port: 25565 with 0 players online.
2024-02-23 23:33:30.410 [Thread-172] INFO  com.derfiedev.ScannerThread - Found server at 66.42.64.81 on port: 25565 with 0 players online.
2024-02-23 23:33:35.467 [Thread-372] INFO  com.derfiedev.ScannerThread - Found server at 51.81.88.196 on port: 25565 with 0 players online.
2024-02-23 23:33:44.794 [Thread-806] INFO  com.derfiedev.ScannerThread - Found server at 94.23.159.81 on port: 25565 with 437 players online.
2024-02-23 23:33:51.191 [Thread-849] INFO  com.derfiedev.ScannerThread - Found server at 65.108.62.208 on port: 25565 with 0 players online.
2024-02-23 23:34:05.963 [Thread-165] INFO  com.derfiedev.ScannerThread - Found server at 192.99.143.29 on port: 25565 with 0 players online.
2024-02-23 23:34:08.096 [Thread-677] INFO  com.derfiedev.ScannerThread - Found server at 142.44.235.227 on port: 25565 with 0 players online.
2024-02-23 23:34:28.686 [Thread-262] INFO  com.derfiedev.ScannerThread - Found server at 51.81.246.150 on port: 25565 with 0 players online.
2024-02-23 23:34:30.229 [Thread-850] INFO  com.derfiedev.ScannerThread - Found server at 85.215.53.213 on port: 25565 with 0 players online.
2024-02-23 23:34:57.440 [Thread-612] INFO  com.derfiedev.ScannerThread - Found server at 95.165.105.161 on port: 25565 with 0 players online.
2024-02-23 23:34:58.981 [Thread-778] INFO  com.derfiedev.ScannerThread - Found server at 85.231.115.125 on port: 25565 with 0 players online.
2024-02-23 23:35:21.305 [AWT-EventQueue-0] INFO  com.derfiedev.ScannerThreadManager - Closing all scanner threads...
2024-02-23 23:35:21.336 [AWT-EventQueue-0] INFO  com.derfiedev.ScannerThreadManager - Closed all scanner threads!
2024-02-23 23:35:24.038 [Thread-722] INFO  com.derfiedev.ScannerThread - Found server at 51.81.146.138 on port: 25565 with 0 players online.
2024-02-23 23:43:39.218 [main] INFO  com.derfiedev.Main - Starting MCSParser...
2024-02-23 23:46:34.992 [main] INFO  com.derfiedev.Main - Starting MCSParser...
2024-02-23 23:50:36.562 [main] INFO  com.derfiedev.Main - Starting MCSParser...
2024-02-23 23:50:44.000 [AWT-EventQueue-0] INFO  com.derfiedev.ScannerThreadManager - Creating a ScannerThreadManager...
2024-02-23 23:50:44.001 [AWT-EventQueue-0] INFO  com.derfiedev.ScannerThreadManager - Starting 10 scanner threads...
2024-02-23 23:50:44.002 [AWT-EventQueue-0] INFO  com.derfiedev.ScannerThreadManager - Started 10 scanner threads!
2024-02-23 23:50:45.150 [AWT-EventQueue-0] INFO  com.derfiedev.ScannerThreadManager - Closing all scanner threads...
2024-02-23 23:50:45.151 [AWT-EventQueue-0] INFO  com.derfiedev.ScannerThreadManager - Closed all scanner threads!
2024-02-23 23:52:56.968 [main] INFO  com.derfiedev.Main - Starting MCSParser...
2024-02-23 23:52:57.336 [main] INFO  com.derfiedev.Main - Selected row: -1
2024-02-23 23:53:09.713 [AWT-EventQueue-0] INFO  com.derfiedev.ScannerThreadManager - Creating a ScannerThreadManager...
2024-02-23 23:53:09.714 [AWT-EventQueue-0] INFO  com.derfiedev.ScannerThreadManager - Starting 10 scanner threads...
2024-02-23 23:53:09.716 [AWT-EventQueue-0] INFO  com.derfiedev.ScannerThreadManager - Started 10 scanner threads!
2024-02-23 23:53:10.552 [AWT-EventQueue-0] INFO  com.derfiedev.ScannerThreadManager - Closing all scanner threads...
2024-02-23 23:53:10.552 [AWT-EventQueue-0] INFO  com.derfiedev.ScannerThreadManager - Closed all scanner threads!
2024-02-23 23:53:11.879 [AWT-EventQueue-0] INFO  com.derfiedev.ScannerThreadManager - Creating a ScannerThreadManager...
2024-02-23 23:53:11.880 [AWT-EventQueue-0] INFO  com.derfiedev.ScannerThreadManager - Starting 10 scanner threads...
2024-02-23 23:53:11.880 [AWT-EventQueue-0] INFO  com.derfiedev.ScannerThreadManager - Started 10 scanner threads!
2024-02-23 23:53:19.517 [AWT-EventQueue-0] INFO  com.derfiedev.ScannerThreadManager - Closing all scanner threads...
2024-02-23 23:53:19.518 [AWT-EventQueue-0] INFO  com.derfiedev.ScannerThreadManager - Closed all scanner threads!
2024-02-23 23:53:25.216 [AWT-EventQueue-0] INFO  com.derfiedev.ScannerThreadManager - Creating a ScannerThreadManager...
2024-02-23 23:53:25.216 [AWT-EventQueue-0] INFO  com.derfiedev.ScannerThreadManager - Starting 1000 scanner threads...
2024-02-23 23:53:25.335 [AWT-EventQueue-0] INFO  com.derfiedev.ScannerThreadManager - Started 1000 scanner threads!
2024-02-23 23:53:50.287 [Thread-706] INFO  com.derfiedev.ScannerThread - Found server at 193.203.165.56 on port: 25565 with 0 players online.
2024-02-23 23:53:50.287 [Thread-528] INFO  com.derfiedev.ScannerThread - Found server at 173.240.150.76 on port: 25565 with 3 players online.
2024-02-23 23:53:54.825 [Thread-247] INFO  com.derfiedev.ScannerThread - Found server at 193.203.191.207 on port: 25565 with 0 players online.
2024-02-23 23:53:57.621 [AWT-EventQueue-0] INFO  com.derfiedev.ScannerThreadManager - Closing all scanner threads...
2024-02-23 23:53:57.622 [AWT-EventQueue-0] INFO  com.derfiedev.ScannerThreadManager - Closed all scanner threads!
2024-02-23 23:54:11.168 [main] INFO  com.derfiedev.Main - Starting MCSParser...
2024-02-23 23:54:11.504 [main] INFO  com.derfiedev.Main - Selected row: -1
2024-02-23 23:54:14.294 [AWT-EventQueue-0] INFO  com.derfiedev.ScannerThreadManager - Creating a ScannerThreadManager...
2024-02-23 23:54:14.295 [AWT-EventQueue-0] INFO  com.derfiedev.ScannerThreadManager - Starting 10 scanner threads...
2024-02-23 23:54:14.297 [AWT-EventQueue-0] INFO  com.derfiedev.ScannerThreadManager - Started 10 scanner threads!
2024-02-23 23:54:15.413 [AWT-EventQueue-0] INFO  com.derfiedev.ScannerThreadManager - Closing all scanner threads...
2024-02-23 23:54:15.413 [AWT-EventQueue-0] INFO  com.derfiedev.ScannerThreadManager - Closed all scanner threads!
2024-02-23 23:55:12.718 [main] INFO  com.derfiedev.Main - Starting MCSParser...
2024-02-23 23:55:16.156 [AWT-EventQueue-0] INFO  com.derfiedev.Main - Selected row: -1
2024-02-23 23:55:18.470 [AWT-EventQueue-0] INFO  com.derfiedev.Main - Selected row: -1
2024-02-23 23:55:25.146 [AWT-EventQueue-0] INFO  com.derfiedev.Main - Selected row: -1
2024-02-23 23:55:27.284 [AWT-EventQueue-0] INFO  com.derfiedev.Main - Selected row: -1
2024-02-23 23:55:30.286 [AWT-EventQueue-0] INFO  com.derfiedev.Main - Selected row: -1
2024-02-23 23:55:33.171 [AWT-EventQueue-0] INFO  com.derfiedev.Main - Selected row: -1
2024-02-23 23:56:06.841 [main] INFO  com.derfiedev.Main - Starting MCSParser...
2024-02-23 23:56:12.891 [AWT-EventQueue-0] INFO  com.derfiedev.ScannerThreadManager - Creating a ScannerThreadManager...
2024-02-23 23:56:12.892 [AWT-EventQueue-0] INFO  com.derfiedev.ScannerThreadManager - Starting 1000 scanner threads...
2024-02-23 23:56:13.075 [AWT-EventQueue-0] INFO  com.derfiedev.ScannerThreadManager - Started 1000 scanner threads!
2024-02-23 23:56:23.019 [Thread-849] INFO  com.derfiedev.ScannerThread - Found server at 109.71.254.64 on port: 25565 with 0 players online.
2024-02-23 23:56:23.065 [Thread-702] INFO  com.derfiedev.ScannerThread - Found server at 169.150.135.160 on port: 25565 with 0 players online.
2024-02-23 23:56:26.350 [AWT-EventQueue-0] INFO  com.derfiedev.Main - Selected row: -1
2024-02-23 23:56:28.101 [AWT-EventQueue-0] INFO  com.derfiedev.ScannerThreadManager - Closing all scanner threads...
2024-02-23 23:56:28.101 [AWT-EventQueue-0] INFO  com.derfiedev.ScannerThreadManager - Closed all scanner threads!
2024-02-23 23:56:33.731 [AWT-EventQueue-0] INFO  com.derfiedev.Main - Selected row: -1
2024-02-24 00:03:06.917 [main] INFO  com.derfiedev.Main - Starting MCSParser...
2024-02-24 00:03:09.274 [AWT-EventQueue-0] INFO  com.derfiedev.Main - Selected row: 2
2024-02-24 00:03:09.274 [AWT-EventQueue-0] INFO  com.derfiedev.Main - IP: server3
2024-02-24 00:06:55.457 [main] INFO  com.derfiedev.Main - Starting MCSParser...
2024-02-24 00:06:55.878 [main] INFO  com.derfiedev.Main - Selected row: -1
2024-02-24 00:06:55.879 [main] INFO  com.derfiedev.Main - No row selected
2024-02-24 00:07:39.060 [main] INFO  com.derfiedev.Main - Starting MCSParser...
2024-02-24 00:07:39.422 [main] INFO  com.derfiedev.Main - Selected row: -1
2024-02-24 00:07:39.423 [main] INFO  com.derfiedev.Main - No row selected
2024-02-24 00:08:10.745 [main] INFO  com.derfiedev.Main - Starting MCSParser...
2024-02-24 00:08:11.108 [main] INFO  com.derfiedev.Main - Selected row: -1
2024-02-24 00:09:21.907 [main] INFO  com.derfiedev.Main - Starting MCSParser...
2024-02-24 00:09:24.125 [AWT-EventQueue-0] INFO  com.derfiedev.Main - Selected row: 1
2024-02-24 00:09:24.126 [AWT-EventQueue-0] INFO  com.derfiedev.Main - IP: server2
2024-02-24 00:10:01.715 [main] INFO  com.derfiedev.Main - Starting MCSParser...
2024-02-24 00:10:09.460 [main] INFO  com.derfiedev.Main - Starting MCSParser...
2024-02-24 00:10:11.383 [AWT-EventQueue-0] INFO  com.derfiedev.Main - Selected row: 1
2024-02-24 00:10:15.022 [AWT-EventQueue-0] INFO  com.derfiedev.Main - Selected row: 1
2024-02-24 00:10:15.839 [AWT-EventQueue-0] INFO  com.derfiedev.Main - Selected row: 1
2024-02-24 00:10:17.451 [AWT-EventQueue-0] INFO  com.derfiedev.Main - Selected row: 1
2024-02-24 00:10:29.034 [main] INFO  com.derfiedev.Main - Starting MCSParser...
2024-02-24 00:10:43.197 [main] INFO  com.derfiedev.Main - Starting MCSParser...
2024-02-24 00:10:45.625 [AWT-EventQueue-0] INFO  com.derfiedev.Main - Selected row: 1
2024-02-24 00:10:45.626 [AWT-EventQueue-0] INFO  com.derfiedev.Main - IP: server2:5678
2024-02-24 00:11:48.516 [main] INFO  com.derfiedev.Main - Starting MCSParser...
2024-02-24 00:11:48.844 [main] INFO  com.derfiedev.Main - Selected row: -1
2024-02-24 00:12:18.694 [main] INFO  com.derfiedev.Main - Starting MCSParser...
2024-02-24 00:12:19.018 [main] INFO  com.derfiedev.Main - Selected row: -1
2024-02-24 00:13:03.044 [main] INFO  com.derfiedev.Main - Starting MCSParser...
2024-02-24 00:13:05.217 [AWT-EventQueue-0] INFO  com.derfiedev.Main - Selected row: 0
2024-02-24 00:13:05.218 [AWT-EventQueue-0] INFO  com.derfiedev.Main - IP: server1:1234
2024-02-24 00:14:19.349 [main] INFO  com.derfiedev.Main - Starting MCSParser...
2024-02-24 00:14:26.138 [AWT-EventQueue-0] INFO  com.derfiedev.ScannerThreadManager - Creating a ScannerThreadManager...
2024-02-24 00:14:26.139 [AWT-EventQueue-0] INFO  com.derfiedev.ScannerThreadManager - Starting 1000 scanner threads...
2024-02-24 00:14:26.331 [AWT-EventQueue-0] INFO  com.derfiedev.ScannerThreadManager - Started 1000 scanner threads!
2024-02-24 00:14:40.242 [Thread-39] INFO  com.derfiedev.ScannerThread - Found server at 173.240.145.107 on port: 25565 with 0 players online.
2024-02-24 00:14:42.530 [AWT-EventQueue-0] INFO  com.derfiedev.Main - Selected row: 3
2024-02-24 00:14:42.531 [AWT-EventQueue-0] INFO  com.derfiedev.Main - IP: 173.240.145.107:25565
2024-02-24 00:14:54.071 [AWT-EventQueue-0] INFO  com.derfiedev.ScannerThreadManager - Closing all scanner threads...
2024-02-24 00:14:54.071 [AWT-EventQueue-0] INFO  com.derfiedev.ScannerThreadManager - Closed all scanner threads!
2024-02-25 19:29:14.298 [main] INFO  com.derfiedev.Main - Starting MCSParser...
2024-02-25 19:29:24.061 [AWT-EventQueue-0] INFO  com.derfiedev.ScannerThreadManager - Creating a ScannerThreadManager...
2024-02-25 19:29:24.062 [AWT-EventQueue-0] INFO  com.derfiedev.ScannerThreadManager - Starting 10 scanner threads...
2024-02-25 19:29:24.063 [AWT-EventQueue-0] INFO  com.derfiedev.ScannerThreadManager - Started 10 scanner threads!
2024-02-25 19:29:26.100 [AWT-EventQueue-0] INFO  com.derfiedev.ScannerThreadManager - Closing all scanner threads...
2024-02-25 19:29:26.101 [AWT-EventQueue-0] INFO  com.derfiedev.ScannerThreadManager - Closed all scanner threads!
2024-02-25 19:29:27.779 [AWT-EventQueue-0] INFO  com.derfiedev.Main - Selected row: 1
2024-02-25 19:29:27.780 [AWT-EventQueue-0] INFO  com.derfiedev.Main - IP: server2:5678
=======
2024-02-21 11:15:37.470 [main] INFO  com.derfiedev.Main - Starting MCSParser...
2024-02-21 11:19:28.586 [main] INFO  com.derfiedev.Main - Starting MCSParser...
2024-02-21 11:19:44.278 [AWT-EventQueue-0] INFO  com.derfiedev.ScannerThreadManager - Creating a ScannerThreadManager...
2024-02-21 11:19:44.281 [AWT-EventQueue-0] INFO  com.derfiedev.ScannerThreadManager - Starting 310 scanner threads...
2024-02-21 11:19:44.449 [AWT-EventQueue-0] INFO  com.derfiedev.ScannerThreadManager - Started 310 scanner threads!
2024-02-21 11:19:58.228 [Thread-251] INFO  com.derfiedev.ScannerThread - Found server at 170.205.25.237 on port: 25565 with 0 players online.
2024-02-21 11:20:04.095 [Thread-6] INFO  com.derfiedev.ScannerThread - Found server at 136.35.254.28 on port: 25565 with 0 players online.
2024-02-21 11:20:17.867 [Thread-257] INFO  com.derfiedev.ScannerThread - Found server at 45.88.109.49 on port: 25565 with 0 players online.
2024-02-21 11:21:11.178 [Thread-241] INFO  com.derfiedev.ScannerThread - Found server at 50.20.248.20 on port: 25565 with 0 players online.
2024-02-21 11:21:32.859 [AWT-EventQueue-0] INFO  com.derfiedev.ScannerThreadManager - Closing all scanner threads...
2024-02-21 11:21:32.862 [AWT-EventQueue-0] INFO  com.derfiedev.ScannerThreadManager - Closed all scanner threads!
2024-02-21 11:22:05.529 [main] INFO  com.derfiedev.Main - Starting MCSParser...
2024-02-21 11:22:30.543 [AWT-EventQueue-0] INFO  com.derfiedev.ScannerThreadManager - Creating a ScannerThreadManager...
2024-02-21 11:22:30.546 [AWT-EventQueue-0] INFO  com.derfiedev.ScannerThreadManager - Starting 310 scanner threads...
2024-02-21 11:22:30.714 [AWT-EventQueue-0] INFO  com.derfiedev.ScannerThreadManager - Started 310 scanner threads!
2024-02-21 11:22:58.890 [Thread-116] INFO  com.derfiedev.ScannerThread - Found server at 168.119.8.183 on port: 25565 with 0 players online.
2024-02-21 11:23:06.008 [Thread-20] INFO  com.derfiedev.ScannerThread - Found server at 86.175.163.132 on port: 25565 with 0 players online.
2024-02-21 11:23:10.655 [AWT-EventQueue-0] INFO  com.derfiedev.ScannerThreadManager - Closing all scanner threads...
2024-02-21 11:23:10.655 [AWT-EventQueue-0] INFO  com.derfiedev.ScannerThreadManager - Closed all scanner threads!
2024-02-21 11:24:21.804 [main] INFO  com.derfiedev.Main - Starting MCSParser...
2024-02-21 11:24:30.863 [AWT-EventQueue-0] INFO  com.derfiedev.ScannerThreadManager - Creating a ScannerThreadManager...
2024-02-21 11:24:30.866 [AWT-EventQueue-0] INFO  com.derfiedev.ScannerThreadManager - Starting 310 scanner threads...
2024-02-21 11:24:30.983 [AWT-EventQueue-0] INFO  com.derfiedev.ScannerThreadManager - Started 310 scanner threads!
2024-02-21 11:24:36.967 [Thread-62] INFO  com.derfiedev.ScannerThread - Found server at 173.44.41.209 on port: 25565 with 0 players online.
2024-02-21 11:24:44.964 [Thread-189] INFO  com.derfiedev.ScannerThread - Found server at 195.201.8.102 on port: 25565 with 0 players online.
2024-02-21 11:25:23.963 [AWT-EventQueue-0] INFO  com.derfiedev.ScannerThreadManager - Closing all scanner threads...
2024-02-21 11:25:23.965 [AWT-EventQueue-0] INFO  com.derfiedev.ScannerThreadManager - Closed all scanner threads!
2024-02-21 11:33:01.357 [main] INFO  com.derfiedev.Main - Starting MCSParser...
2024-02-21 11:33:20.526 [AWT-EventQueue-0] INFO  com.derfiedev.ScannerThreadManager - Creating a ScannerThreadManager...
2024-02-21 11:33:20.528 [AWT-EventQueue-0] INFO  com.derfiedev.ScannerThreadManager - Starting 300 scanner threads...
2024-02-21 11:33:20.709 [AWT-EventQueue-0] INFO  com.derfiedev.ScannerThreadManager - Started 300 scanner threads!
2024-02-21 11:33:37.422 [Thread-3] INFO  com.derfiedev.ScannerThread - Found server at 5.249.160.124 on port: 25565 with 0 players online.
2024-02-21 11:33:40.800 [AWT-EventQueue-0] INFO  com.derfiedev.ScannerThreadManager - Closing all scanner threads...
2024-02-21 11:33:40.801 [AWT-EventQueue-0] INFO  com.derfiedev.ScannerThreadManager - Closed all scanner threads!
2024-02-21 11:33:44.428 [Thread-0] INFO  com.derfiedev.ScannerThread - Found server at 81.21.4.32 on port: 25565 with 0 players online.
2024-02-21 16:45:34.046 [main] INFO  com.derfiedev.Main - Starting MCSParser...
2024-02-21 16:45:46.402 [AWT-EventQueue-0] INFO  com.derfiedev.ScannerThreadManager - Creating a ScannerThreadManager...
2024-02-21 16:45:46.403 [AWT-EventQueue-0] INFO  com.derfiedev.ScannerThreadManager - Starting 500 scanner threads...
2024-02-21 16:45:46.503 [AWT-EventQueue-0] INFO  com.derfiedev.ScannerThreadManager - Started 500 scanner threads!
2024-02-21 16:45:49.375 [Thread-63] INFO  com.derfiedev.ScannerThread - Found server at 116.202.237.237 on port: 25565 with 0 players online.
2024-02-21 16:46:52.467 [AWT-EventQueue-0] INFO  com.derfiedev.ScannerThreadManager - Closing all scanner threads...
2024-02-21 16:46:52.468 [AWT-EventQueue-0] INFO  com.derfiedev.ScannerThreadManager - Closed all scanner threads!
2024-02-21 16:47:02.334 [AWT-EventQueue-0] INFO  com.derfiedev.ScannerThreadManager - Creating a ScannerThreadManager...
2024-02-21 16:47:02.334 [AWT-EventQueue-0] INFO  com.derfiedev.ScannerThreadManager - Starting 300 scanner threads...
2024-02-21 16:47:02.363 [AWT-EventQueue-0] INFO  com.derfiedev.ScannerThreadManager - Started 300 scanner threads!
2024-02-21 16:47:05.044 [Thread-517] INFO  com.derfiedev.ScannerThread - Found server at 51.68.176.244 on port: 25565 with 2 players online.
2024-02-21 16:47:48.133 [AWT-EventQueue-0] INFO  com.derfiedev.ScannerThreadManager - Closing all scanner threads...
2024-02-21 16:47:48.134 [AWT-EventQueue-0] INFO  com.derfiedev.ScannerThreadManager - Closed all scanner threads!
2024-02-21 17:01:02.031 [AWT-EventQueue-0] INFO  com.derfiedev.ScannerThreadManager - Creating a ScannerThreadManager...
2024-02-21 17:01:02.037 [AWT-EventQueue-0] INFO  com.derfiedev.ScannerThreadManager - Starting 300 scanner threads...
2024-02-21 17:01:02.074 [AWT-EventQueue-0] INFO  com.derfiedev.ScannerThreadManager - Started 300 scanner threads!
2024-02-21 17:02:24.279 [Thread-813] INFO  com.derfiedev.ScannerThread - Found server at 45.9.191.193 on port: 25565 with 2 players online.
2024-02-21 17:02:32.148 [AWT-EventQueue-0] INFO  com.derfiedev.ScannerThreadManager - Closing all scanner threads...
2024-02-21 17:02:32.148 [AWT-EventQueue-0] INFO  com.derfiedev.ScannerThreadManager - Closed all scanner threads!
2024-02-21 17:07:33.083 [AWT-EventQueue-0] INFO  com.derfiedev.ScannerThreadManager - Creating a ScannerThreadManager...
2024-02-21 17:07:33.089 [AWT-EventQueue-0] INFO  com.derfiedev.ScannerThreadManager - Starting 300 scanner threads...
2024-02-21 17:07:33.132 [AWT-EventQueue-0] INFO  com.derfiedev.ScannerThreadManager - Started 300 scanner threads!
2024-02-21 17:08:15.716 [AWT-EventQueue-0] INFO  com.derfiedev.ScannerThreadManager - Closing all scanner threads...
2024-02-21 17:08:15.717 [AWT-EventQueue-0] INFO  com.derfiedev.ScannerThreadManager - Closed all scanner threads!
2024-02-21 17:08:21.499 [AWT-EventQueue-0] INFO  com.derfiedev.ScannerThreadManager - Creating a ScannerThreadManager...
2024-02-21 17:08:21.500 [AWT-EventQueue-0] INFO  com.derfiedev.ScannerThreadManager - Starting 300 scanner threads...
2024-02-21 17:08:21.536 [AWT-EventQueue-0] INFO  com.derfiedev.ScannerThreadManager - Started 300 scanner threads!
2024-02-21 17:08:23.263 [Thread-1519] INFO  com.derfiedev.ScannerThread - Found server at 81.204.131.201 on port: 25565 with 0 players online.
2024-02-21 17:08:27.216 [AWT-EventQueue-0] INFO  com.derfiedev.ScannerThreadManager - Closing all scanner threads...
2024-02-21 17:08:27.216 [AWT-EventQueue-0] INFO  com.derfiedev.ScannerThreadManager - Closed all scanner threads!
2024-02-21 17:08:49.005 [AWT-EventQueue-0] INFO  com.derfiedev.ScannerThreadManager - Creating a ScannerThreadManager...
2024-02-21 17:08:49.005 [AWT-EventQueue-0] INFO  com.derfiedev.ScannerThreadManager - Starting 1000 scanner threads...
2024-02-21 17:08:49.124 [AWT-EventQueue-0] INFO  com.derfiedev.ScannerThreadManager - Started 1000 scanner threads!
2024-02-21 17:09:04.943 [Thread-2568] INFO  com.derfiedev.ScannerThread - Found server at 54.36.133.21 on port: 25565 with 0 players online.
2024-02-21 17:09:30.716 [Thread-2056] INFO  com.derfiedev.ScannerThread - Found server at 104.238.210.230 on port: 25565 with 0 players online.
2024-02-21 17:09:31.256 [Thread-2301] INFO  com.derfiedev.ScannerThread - Found server at 212.227.171.107 on port: 25565 with 0 players online.
2024-02-21 17:09:33.657 [Thread-1919] INFO  com.derfiedev.ScannerThread - Found server at 135.125.149.188 on port: 25565 with 0 players online.
2024-02-21 17:09:33.989 [AWT-EventQueue-0] INFO  com.derfiedev.ScannerThreadManager - Closing all scanner threads...
2024-02-21 17:09:33.989 [AWT-EventQueue-0] INFO  com.derfiedev.ScannerThreadManager - Closed all scanner threads!
2024-02-21 17:09:37.751 [AWT-EventQueue-0] INFO  com.derfiedev.ScannerThreadManager - Creating a ScannerThreadManager...
2024-02-21 17:09:37.752 [AWT-EventQueue-0] INFO  com.derfiedev.ScannerThreadManager - Starting 1000 scanner threads...
2024-02-21 17:09:37.851 [AWT-EventQueue-0] INFO  com.derfiedev.ScannerThreadManager - Started 1000 scanner threads!
2024-02-21 17:09:38.344 [Thread-3093] INFO  com.derfiedev.ScannerThread - Found server at 141.95.20.103 on port: 25565 with 0 players online.
2024-02-21 17:10:16.710 [Thread-2744] INFO  com.derfiedev.ScannerThread - Found server at 174.161.74.220 on port: 25565 with 0 players online.
2024-02-21 17:10:41.309 [Thread-2996] INFO  com.derfiedev.ScannerThread - Found server at 54.36.176.75 on port: 25565 with 0 players online.
2024-02-21 17:10:42.935 [Thread-3551] INFO  com.derfiedev.ScannerThread - Found server at 67.8.30.112 on port: 25565 with 1 players online.
2024-02-21 17:11:18.248 [AWT-EventQueue-0] INFO  com.derfiedev.ScannerThreadManager - Closing all scanner threads...
2024-02-21 17:11:18.249 [AWT-EventQueue-0] INFO  com.derfiedev.ScannerThreadManager - Closed all scanner threads!
2024-02-21 17:11:19.112 [Thread-3529] INFO  com.derfiedev.ScannerThread - Found server at 51.79.48.18 on port: 25565 with 0 players online.
2024-02-21 17:11:27.431 [AWT-EventQueue-0] INFO  com.derfiedev.ScannerThreadManager - Creating a ScannerThreadManager...
2024-02-21 17:11:27.431 [AWT-EventQueue-0] INFO  com.derfiedev.ScannerThreadManager - Starting 1000 scanner threads...
2024-02-21 17:11:27.533 [AWT-EventQueue-0] INFO  com.derfiedev.ScannerThreadManager - Started 1000 scanner threads!
2024-02-21 17:11:32.086 [Thread-3885] INFO  com.derfiedev.ScannerThread - Found server at 134.255.209.206 on port: 25565 with 0 players online.
2024-02-21 17:12:00.811 [Thread-4384] INFO  com.derfiedev.ScannerThread - Found server at 162.33.31.58 on port: 25565 with 0 players online.
2024-02-21 17:12:17.547 [AWT-EventQueue-0] INFO  com.derfiedev.ScannerThreadManager - Closing all scanner threads...
2024-02-21 17:12:17.553 [AWT-EventQueue-0] INFO  com.derfiedev.ScannerThreadManager - Closed all scanner threads!
2024-02-21 22:08:38.552 [main] INFO  com.derfiedev.Main - Starting MCSParser...
2024-02-21 22:08:44.496 [AWT-EventQueue-0] INFO  com.derfiedev.ScannerThreadManager - Creating a ScannerThreadManager...
2024-02-21 22:08:44.497 [AWT-EventQueue-0] INFO  com.derfiedev.ScannerThreadManager - Starting 10 scanner threads...
2024-02-21 22:08:44.499 [AWT-EventQueue-0] INFO  com.derfiedev.ScannerThreadManager - Started 10 scanner threads!
2024-02-21 22:08:47.944 [AWT-EventQueue-0] INFO  com.derfiedev.ScannerThreadManager - Closing all scanner threads...
2024-02-21 22:08:47.945 [AWT-EventQueue-0] INFO  com.derfiedev.ScannerThreadManager - Closed all scanner threads!
2024-02-21 22:08:52.010 [AWT-EventQueue-0] INFO  com.derfiedev.ScannerThreadManager - Creating a ScannerThreadManager...
2024-02-21 22:08:52.011 [AWT-EventQueue-0] INFO  com.derfiedev.ScannerThreadManager - Starting 1000 scanner threads...
2024-02-21 22:08:52.153 [AWT-EventQueue-0] INFO  com.derfiedev.ScannerThreadManager - Started 1000 scanner threads!
2024-02-21 22:08:52.709 [Thread-778] INFO  com.derfiedev.ScannerThread - Found server at 130.61.147.73 on port: 25565 with 0 players online.
2024-02-21 22:08:54.244 [AWT-EventQueue-0] INFO  com.derfiedev.ScannerThreadManager - Closing all scanner threads...
2024-02-21 22:08:54.244 [AWT-EventQueue-0] INFO  com.derfiedev.ScannerThreadManager - Closed all scanner threads!
2024-02-21 22:09:57.808 [main] INFO  com.derfiedev.Main - Starting MCSParser...
2024-02-21 22:11:20.031 [main] INFO  com.derfiedev.Main - Starting MCSParser...
2024-02-21 22:11:22.622 [AWT-EventQueue-0] INFO  com.derfiedev.ScannerThreadManager - Creating a ScannerThreadManager...
2024-02-21 22:11:22.623 [AWT-EventQueue-0] INFO  com.derfiedev.ScannerThreadManager - Starting 10 scanner threads...
2024-02-21 22:11:22.625 [AWT-EventQueue-0] INFO  com.derfiedev.ScannerThreadManager - Started 10 scanner threads!
2024-02-21 22:11:26.071 [AWT-EventQueue-0] INFO  com.derfiedev.ScannerThreadManager - Closing all scanner threads...
2024-02-21 22:11:26.072 [AWT-EventQueue-0] INFO  com.derfiedev.ScannerThreadManager - Closed all scanner threads!
2024-02-21 22:11:50.494 [main] INFO  com.derfiedev.Main - Starting MCSParser...
2024-02-21 22:11:56.787 [main] INFO  com.derfiedev.Main - Starting MCSParser...
2024-02-21 22:11:59.455 [AWT-EventQueue-0] INFO  com.derfiedev.ScannerThreadManager - Creating a ScannerThreadManager...
2024-02-21 22:11:59.456 [AWT-EventQueue-0] INFO  com.derfiedev.ScannerThreadManager - Starting 10 scanner threads...
2024-02-21 22:11:59.458 [AWT-EventQueue-0] INFO  com.derfiedev.ScannerThreadManager - Started 10 scanner threads!
2024-02-21 22:12:02.888 [AWT-EventQueue-0] INFO  com.derfiedev.ScannerThreadManager - Closing all scanner threads...
2024-02-21 22:12:02.888 [AWT-EventQueue-0] INFO  com.derfiedev.ScannerThreadManager - Closed all scanner threads!
2024-02-21 22:13:38.440 [main] INFO  com.derfiedev.Main - Starting MCSParser...
2024-02-21 22:16:28.517 [main] INFO  com.derfiedev.Main - Starting MCSParser...
2024-02-21 22:17:31.641 [main] INFO  com.derfiedev.Main - Starting MCSParser...
2024-02-21 22:21:59.085 [main] INFO  com.derfiedev.Main - Starting MCSParser...
2024-02-21 22:22:06.841 [AWT-EventQueue-0] INFO  com.derfiedev.ScannerThreadManager - Creating a ScannerThreadManager...
2024-02-21 22:22:06.842 [AWT-EventQueue-0] INFO  com.derfiedev.ScannerThreadManager - Starting 10 scanner threads...
2024-02-21 22:22:06.846 [AWT-EventQueue-0] INFO  com.derfiedev.ScannerThreadManager - Started 10 scanner threads!
2024-02-21 22:22:09.208 [AWT-EventQueue-0] INFO  com.derfiedev.ScannerThreadManager - Closing all scanner threads...
2024-02-21 22:22:09.208 [AWT-EventQueue-0] INFO  com.derfiedev.ScannerThreadManager - Closed all scanner threads!
2024-02-21 22:24:50.810 [main] INFO  com.derfiedev.Main - Starting MCSParser...
2024-02-21 22:29:13.811 [main] INFO  com.derfiedev.Main - Starting MCSParser...
2024-02-21 22:31:34.401 [main] INFO  com.derfiedev.Main - Starting MCSParser...
2024-02-21 22:34:07.249 [main] INFO  com.derfiedev.Main - Starting MCSParser...
2024-02-21 22:35:47.090 [main] INFO  com.derfiedev.Main - Starting MCSParser...
>>>>>>> Stashed changes
